{"D:\\Microverse Ahmad Zamir Yousufi\\pair programming\\Javascript-Group-Capstone\\src\\modules\\counters\\moviesCounter.js": {"path":"D:\\Microverse Ahmad Zamir Yousufi\\pair programming\\Javascript-Group-Capstone\\src\\modules\\counters\\moviesCounter.js","statementMap":{"0":{"start":{"line":1,"column":23},"end":{"line":1,"column":54}},"1":{"start":{"line":1,"column":38},"end":{"line":1,"column":54}}},"fnMap":{"0":{"name":"(anonymous_0)","decl":{"start":{"line":1,"column":23},"end":{"line":1,"column":24}},"loc":{"start":{"line":1,"column":38},"end":{"line":1,"column":54}},"line":1}},"branchMap":{},"s":{"0":1,"1":1},"f":{"0":1},"b":{},"_coverageSchema":"1a1c01bbd47fc00a2c39e90264f33305004495a9","hash":"ee448e71f08008c99ae3e30b8759550b89a24ac2"}
}
